 
****************************************
Report : power
        -analysis_effort low
Design : BoomTile
Version: T-2022.03-SP1
Date   : Fri Jul 29 23:38:15 2022
****************************************


Library(s) Used:

    gscl45nm (File: /nethome/ykim816/syn-dpt/lib/gscl45nm.db)


Operating Conditions: typical   Library: gscl45nm
Wire Load Model Mode: top


Global Operating Voltage = 1.1  
Power-specific unit information :
    Voltage Units = 1V
    Capacitance Units = 1.000000pf
    Time Units = 1ns
    Dynamic Power Units = 1mW    (derived from V,C,T units)
    Leakage Power Units = 1nW


Attributes
----------
i - Including register clock pin internal power


  Cell Internal Power  =   1.6677 mW   (57%)
  Net Switching Power  =   1.2750 mW   (43%)
                         ---------
Total Dynamic Power    =   2.9428 mW  (100%)

Cell Leakage Power     =  14.8634 mW


                 Internal         Switching           Leakage            Total
Power Group      Power            Power               Power              Power   (   %    )  Attrs
--------------------------------------------------------------------------------------------------
io_pad             0.0000            0.0000            0.0000            0.0000  (   0.00%)
memory             0.1092        7.6874e-04        3.0922e+05            0.4192  (   2.35%)
black_box          0.0000            0.0000            0.0000            0.0000  (   0.00%)
clock_network      1.5405            1.2015        1.7981e+04            1.2199  (   6.85%)  i
register       5.5239e-03        1.5649e-03        6.0194e+06            7.5666  (  42.49%)
sequential         0.0000            0.0000            0.0000            0.0000  (   0.00%)
combinational  1.2759e-02        7.1171e-02        8.5169e+06            8.6008  (  48.30%)
--------------------------------------------------------------------------------------------------
Total              1.6680 mW         1.2750 mW     1.4863e+07 nW        17.8065 mW
1
