 
****************************************
Report : power
        -analysis_effort low
Design : BoomTile
Version: Q-2019.12-SP2
Date   : Thu Nov 12 04:33:55 2020
****************************************


Library(s) Used:

    gscl45nm (File: /nethome/ykim816/syn/lib/gscl45nm.db)


Operating Conditions: typical   Library: gscl45nm
Wire Load Model Mode: top


Global Operating Voltage = 1.1  
Power-specific unit information :
    Voltage Units = 1V
    Capacitance Units = 1.000000pf
    Time Units = 1ns
    Dynamic Power Units = 1mW    (derived from V,C,T units)
    Leakage Power Units = 1nW


  Cell Internal Power  =   7.9596  W   (98%)
  Net Switching Power  = 173.3299 mW    (2%)
                         ---------
Total Dynamic Power    =   8.1329  W  (100%)

Cell Leakage Power     =  55.9533 mW


                 Internal         Switching           Leakage            Total
Power Group      Power            Power               Power              Power   (   %    )  Attrs
--------------------------------------------------------------------------------------------------
io_pad             0.0000            0.0000            0.0000            0.0000  (   0.00%)
memory             0.0000            0.0000            0.0000            0.0000  (   0.00%)
black_box          0.0000            0.2356            0.0000            0.2356  (   0.00%)
clock_network      0.2608            0.4064        7.8716e+05            1.4544  (   0.02%)
register       7.7942e+03            0.4206        3.0323e+07        7.8249e+03  (  95.14%)
sequential         0.0000            0.0000            0.0000            0.0000  (   0.00%)
combinational    201.0164          171.3672        2.4843e+07          397.7161  (   4.84%)
--------------------------------------------------------------------------------------------------
Total          7.9955e+03 mW       172.4299 mW     5.5953e+07 nW     8.2243e+03 mW
1
